2026-06-10T09:21:24.992+05:30  INFO 13408 --- [account-service] [restartedMain] com.msedcl.main.account.Application      : Starting Application using Java 25.0.1 with PID 13408 (C:\Training\Spring Boot Microservices\03AccountService\target\classes started by student16 in C:\Training\Spring Boot Microservices\03AccountService)
2026-06-10T09:21:24.998+05:30  INFO 13408 --- [account-service] [restartedMain] com.msedcl.main.account.Application      : The following 1 profile is active: "prod"
2026-06-10T09:21:25.072+05:30  INFO 13408 --- [account-service] [restartedMain] o.s.c.c.c.ConfigServerConfigDataLoader   : Fetching config from server at : http://localhost:8383
2026-06-10T09:21:25.073+05:30  INFO 13408 --- [account-service] [restartedMain] o.s.c.c.c.ConfigServerConfigDataLoader   : Located environment: name=account-service, profiles=[default], label=null, version=57f190a7a7c06e11f22b955f1c2504d0c4493b0e, state=
2026-06-10T09:21:25.074+05:30  INFO 13408 --- [account-service] [restartedMain] o.s.c.c.c.ConfigServerConfigDataLoader   : Fetching config from server at : http://localhost:8383
2026-06-10T09:21:25.075+05:30  INFO 13408 --- [account-service] [restartedMain] o.s.c.c.c.ConfigServerConfigDataLoader   : Located environment: name=account-service, profiles=[prod], label=null, version=57f190a7a7c06e11f22b955f1c2504d0c4493b0e, state=
2026-06-10T09:21:25.077+05:30  INFO 13408 --- [account-service] [restartedMain] .e.DevToolsPropertyDefaultsPostProcessor : Devtools property defaults active! Set 'spring.devtools.add-properties' to 'false' to disable
2026-06-10T09:21:25.077+05:30  INFO 13408 --- [account-service] [restartedMain] .e.DevToolsPropertyDefaultsPostProcessor : For additional web related logging consider setting the 'logging.level.web' property to 'DEBUG'
2026-06-10T09:21:26.007+05:30  INFO 13408 --- [account-service] [restartedMain] .s.d.r.c.RepositoryConfigurationDelegate : Bootstrapping Spring Data JPA repositories in DEFAULT mode.
2026-06-10T09:21:26.066+05:30  INFO 13408 --- [account-service] [restartedMain] .s.d.r.c.RepositoryConfigurationDelegate : Finished Spring Data repository scanning in 48 ms. Found 1 JPA repository interface.
2026-06-10T09:21:26.361+05:30  INFO 13408 --- [account-service] [restartedMain] o.s.cloud.context.scope.GenericScope     : BeanFactory id=2b7a9250-fded-3036-bc65-55332b11d5dd
2026-06-10T09:21:26.927+05:30  INFO 13408 --- [account-service] [restartedMain] o.s.boot.tomcat.TomcatWebServer          : Tomcat initialized with port 8181 (http)
2026-06-10T09:21:26.944+05:30  INFO 13408 --- [account-service] [restartedMain] o.apache.catalina.core.StandardService   : Starting service [Tomcat]
2026-06-10T09:21:26.945+05:30  INFO 13408 --- [account-service] [restartedMain] o.apache.catalina.core.StandardEngine    : Starting Servlet engine: [Apache Tomcat/11.0.21]
2026-06-10T09:21:27.000+05:30  INFO 13408 --- [account-service] [restartedMain] b.w.c.s.WebApplicationContextInitializer : Root WebApplicationContext: initialization completed in 1922 ms
2026-06-10T09:21:27.245+05:30  INFO 13408 --- [account-service] [restartedMain] com.zaxxer.hikari.HikariDataSource       : HikariPool-1 - Starting...
2026-06-10T09:21:27.626+05:30  INFO 13408 --- [account-service] [restartedMain] com.zaxxer.hikari.pool.HikariPool        : HikariPool-1 - Added connection com.mysql.cj.jdbc.ConnectionImpl@338e918c
2026-06-10T09:21:27.628+05:30  INFO 13408 --- [account-service] [restartedMain] com.zaxxer.hikari.HikariDataSource       : HikariPool-1 - Start completed.
2026-06-10T09:21:27.664+05:30  INFO 13408 --- [account-service] [restartedMain] org.hibernate.orm.jpa                    : HHH008540: Processing PersistenceUnitInfo [name: default]
2026-06-10T09:21:27.725+05:30  INFO 13408 --- [account-service] [restartedMain] org.hibernate.orm.core                   : HHH000001: Hibernate ORM core version 7.2.12.Final
2026-06-10T09:21:28.318+05:30  INFO 13408 --- [account-service] [restartedMain] o.s.o.j.p.SpringPersistenceUnitInfo      : No LoadTimeWeaver setup: ignoring JPA class transformer
2026-06-10T09:21:28.450+05:30  INFO 13408 --- [account-service] [restartedMain] org.hibernate.orm.connections.pooling    : HHH10001005: Database info:
	Database JDBC URL [jdbc:mysql://localhost:3306/accounts_db]
	Database driver: MySQL Connector/J
	Database dialect: MySQLDialect
	Database version: 8.0.45
	Default catalog/schema: accounts_db/undefined
	Autocommit mode: undefined/unknown
	Isolation level: REPEATABLE_READ [default REPEATABLE_READ]
	JDBC fetch size: none
	Pool: DataSourceConnectionProvider
	Minimum pool size: undefined/unknown
	Maximum pool size: undefined/unknown
2026-06-10T09:21:29.285+05:30  INFO 13408 --- [account-service] [restartedMain] org.hibernate.orm.core                   : HHH000489: No JTA platform available (set 'hibernate.transaction.jta.platform' to enable JTA platform integration)
2026-06-10T09:21:29.295+05:30  INFO 13408 --- [account-service] [restartedMain] j.LocalContainerEntityManagerFactoryBean : Initialized JPA EntityManagerFactory for persistence unit 'default'
2026-06-10T09:21:29.395+05:30  INFO 13408 --- [account-service] [restartedMain] o.s.d.j.r.query.QueryEnhancerFactories   : Hibernate is in classpath; If applicable, HQL parser will be used.
2026-06-10T09:21:29.643+05:30  WARN 13408 --- [account-service] [restartedMain] JpaBaseConfiguration$JpaWebConfiguration : spring.jpa.open-in-view is enabled by default. Therefore, database queries may be performed during view rendering. Explicitly configure spring.jpa.open-in-view to disable this warning
2026-06-10T09:21:30.258+05:30  INFO 13408 --- [account-service] [restartedMain] o.s.b.a.e.web.EndpointLinksResolver      : Exposing 15 endpoints beneath base path '/actuator'
2026-06-10T09:21:30.368+05:30  INFO 13408 --- [account-service] [restartedMain] o.s.boot.tomcat.TomcatWebServer          : Tomcat started on port 8181 (http) with context path '/'
2026-06-10T09:21:30.385+05:30  INFO 13408 --- [account-service] [restartedMain] com.msedcl.main.account.Application      : Started Application in 7.445 seconds (process running for 8.4)
2026-06-10T09:21:30.874+05:30  INFO 13408 --- [account-service] [RMI TCP Connection(9)-127.0.0.1] o.a.c.c.C.[Tomcat].[localhost].[/]       : Initializing Spring DispatcherServlet 'dispatcherServlet'
2026-06-10T09:21:30.874+05:30  INFO 13408 --- [account-service] [RMI TCP Connection(9)-127.0.0.1] o.s.web.servlet.DispatcherServlet        : Initializing Servlet 'dispatcherServlet'
2026-06-10T09:21:30.876+05:30  INFO 13408 --- [account-service] [RMI TCP Connection(9)-127.0.0.1] o.s.web.servlet.DispatcherServlet        : Completed initialization in 2 ms
